This is pdfTeX, Version 3.14159265-2.6-1.40.19 (TeX Live 2018) (preloaded format=pdflatex 2018.5.5)  13 JUL 2018 08:21
entering extended mode
 \write18 enabled.
 %&-line parsing enabled.
**\def\tikzexternalrealjob{paper}\input{paper}
(./paper.tex (./svmult.cls
Document Class: svmult 2007/06/25 v5.4 
Springer Verlag global LaTeX document class for multi authored books
Class Springer-SVMult Info: extra/valid Springer sub-package 
(Springer-SVMult)           not found in option list - using "global" style.
(/usr/local/texlive/2018/texmf-dist/tex/latex/base/article.cls
Document Class: article 2014/09/29 v1.4h Standard LaTeX document class
(/usr/local/texlive/2018/texmf-dist/tex/latex/base/size10.clo
File: size10.clo 2014/09/29 v1.4h Standard LaTeX file (size option)
)
\c@part=\count80
\c@section=\count81
\c@subsection=\count82
\c@subsubsection=\count83
\c@paragraph=\count84
\c@subparagraph=\count85
\c@figure=\count86
\c@table=\count87
\abovecaptionskip=\skip41
\belowcaptionskip=\skip42
\bibindent=\dimen102
)
\svparindent=\dimen103
\bibindent=\dimen104
\betweenumberspace=\dimen105
\headlineindent=\dimen106
\minitoc=\write3
\c@minitocdepth=\count88
\c@chapter=\count89
\mottowidth=\dimen107
\svitemindent=\dimen108
\verbatimindent=\dimen109
LaTeX Font Info:    Redeclaring math symbol \Gamma on input line 963.
LaTeX Font Info:    Redeclaring math symbol \Delta on input line 964.
LaTeX Font Info:    Redeclaring math symbol \Theta on input line 965.
LaTeX Font Info:    Redeclaring math symbol \Lambda on input line 966.
LaTeX Font Info:    Redeclaring math symbol \Xi on input line 967.
LaTeX Font Info:    Redeclaring math symbol \Pi on input line 968.
LaTeX Font Info:    Redeclaring math symbol \Sigma on input line 969.
LaTeX Font Info:    Redeclaring math symbol \Upsilon on input line 970.
LaTeX Font Info:    Redeclaring math symbol \Phi on input line 971.
LaTeX Font Info:    Redeclaring math symbol \Psi on input line 972.
LaTeX Font Info:    Redeclaring math symbol \Omega on input line 973.
\tocchpnum=\dimen110
\tocsecnum=\dimen111
\tocsectotal=\dimen112
\tocsubsecnum=\dimen113
\tocsubsectotal=\dimen114
\tocsubsubsecnum=\dimen115
\tocsubsubsectotal=\dimen116
\tocparanum=\dimen117
\tocparatotal=\dimen118
\tocsubparanum=\dimen119
\foot@parindent=\dimen120
\spthmsep=\dimen121
\c@theorem=\count90
\c@case=\count91
\c@conjecture=\count92
\c@corollary=\count93
\c@definition=\count94
\c@example=\count95
\c@exercise=\count96
\c@lemma=\count97
\c@note=\count98
\c@problem=\count99
\c@property=\count100
\c@proposition=\count101
\c@question=\count102
\c@solution=\count103
\c@remark=\count104
\c@prob=\count105
\instindent=\dimen122
\figgap=\dimen123
\bildb@x=\box26
\figcapgap=\dimen124
\tabcapgap=\dimen125
\c@merk=\count106
\c@@inst=\count107
\c@@auth=\count108
\c@auco=\count109
\instindent=\dimen126
\authrun=\box27
\authorrunning=\toks14
\tocauthor=\toks15
\titrun=\box28
\titlerunning=\toks16
\toctitle=\toks17
\c@contribution=\count110
LaTeX Info: Redefining \abstract on input line 2320.
) (/usr/local/texlive/2018/texmf-dist/tex/latex/graphics/color.sty
Package: color 2016/07/10 v1.1e Standard LaTeX Color (DPC)
(/usr/local/texlive/2018/texmf-dist/tex/latex/graphics-cfg/color.cfg
File: color.cfg 2016/01/02 v1.6 sample color configuration
)
Package color Info: Driver file: pdftex.def on input line 147.
(/usr/local/texlive/2018/texmf-dist/tex/latex/graphics-def/pdftex.def
File: pdftex.def 2018/01/08 v1.0l Graphics/color driver for pdftex
)) (/usr/local/texlive/2018/texmf-dist/tex/latex/framed/framed.sty
Package: framed 2011/10/22 v 0.96: framed or shaded text with page breaks
\OuterFrameSep=\skip43
\fb@frw=\dimen127
\fb@frh=\dimen128
\FrameRule=\dimen129
\FrameSep=\dimen130
) (/usr/local/texlive/2018/texmf-dist/tex/latex/psnfss/mathptmx.sty
Package: mathptmx 2005/04/12 PSNFSS-v9.2a Times w/ Math, improved (SPQR, WaS) 
LaTeX Font Info:    Redeclaring symbol font `operators' on input line 28.
LaTeX Font Info:    Overwriting symbol font `operators' in version `normal'
(Font)                  OT1/cmr/m/n --> OT1/ztmcm/m/n on input line 28.
LaTeX Font Info:    Overwriting symbol font `operators' in version `bold'
(Font)                  OT1/cmr/bx/n --> OT1/ztmcm/m/n on input line 28.
LaTeX Font Info:    Redeclaring symbol font `letters' on input line 29.
LaTeX Font Info:    Overwriting symbol font `letters' in version `normal'
(Font)                  OML/cmm/m/it --> OML/ztmcm/m/it on input line 29.
LaTeX Font Info:    Overwriting symbol font `letters' in version `bold'
(Font)                  OML/cmm/b/it --> OML/ztmcm/m/it on input line 29.
LaTeX Font Info:    Redeclaring symbol font `symbols' on input line 30.
LaTeX Font Info:    Overwriting symbol font `symbols' in version `normal'
(Font)                  OMS/cmsy/m/n --> OMS/ztmcm/m/n on input line 30.
LaTeX Font Info:    Overwriting symbol font `symbols' in version `bold'
(Font)                  OMS/cmsy/b/n --> OMS/ztmcm/m/n on input line 30.
LaTeX Font Info:    Redeclaring symbol font `largesymbols' on input line 31.
LaTeX Font Info:    Overwriting symbol font `largesymbols' in version `normal'
(Font)                  OMX/cmex/m/n --> OMX/ztmcm/m/n on input line 31.
LaTeX Font Info:    Overwriting symbol font `largesymbols' in version `bold'
(Font)                  OMX/cmex/m/n --> OMX/ztmcm/m/n on input line 31.
\symbold=\mathgroup4
\symitalic=\mathgroup5
LaTeX Font Info:    Redeclaring math alphabet \mathbf on input line 34.
LaTeX Font Info:    Overwriting math alphabet `\mathbf' in version `normal'
(Font)                  OT1/cmr/bx/n --> OT1/ptm/bx/n on input line 34.
LaTeX Font Info:    Overwriting math alphabet `\mathbf' in version `bold'
(Font)                  OT1/cmr/bx/n --> OT1/ptm/bx/n on input line 34.
LaTeX Font Info:    Redeclaring math alphabet \mathit on input line 35.
LaTeX Font Info:    Overwriting math alphabet `\mathit' in version `normal'
(Font)                  OT1/cmr/m/it --> OT1/ptm/m/it on input line 35.
LaTeX Font Info:    Overwriting math alphabet `\mathit' in version `bold'
(Font)                  OT1/cmr/bx/it --> OT1/ptm/m/it on input line 35.
LaTeX Info: Redefining \hbar on input line 50.
) (/usr/local/texlive/2018/texmf-dist/tex/latex/psnfss/helvet.sty
Package: helvet 2005/04/12 PSNFSS-v9.2a (WaS) 
(/usr/local/texlive/2018/texmf-dist/tex/latex/graphics/keyval.sty
Package: keyval 2014/10/28 v1.15 key=value parser (DPC)
\KV@toks@=\toks18
)) (/usr/local/texlive/2018/texmf-dist/tex/latex/psnfss/courier.sty
Package: courier 2005/04/12 PSNFSS-v9.2a (WaS) 
) (/usr/local/texlive/2018/texmf-dist/tex/latex/type1cm/type1cm.sty
Package: type1cm 2002/09/05 v0.04 BlueSky/Y&Y Type1 CM font definitions (DPC, p
atched RF)
) (/usr/local/texlive/2018/texmf-dist/tex/latex/base/makeidx.sty
Package: makeidx 2014/09/29 v1.0m Standard LaTeX package
) (/usr/local/texlive/2018/texmf-dist/tex/latex/graphics/graphicx.sty
Package: graphicx 2017/06/01 v1.1a Enhanced LaTeX Graphics (DPC,SPQR)
(/usr/local/texlive/2018/texmf-dist/tex/latex/graphics/graphics.sty
Package: graphics 2017/06/25 v1.2c Standard LaTeX Graphics (DPC,SPQR)
(/usr/local/texlive/2018/texmf-dist/tex/latex/graphics/trig.sty
Package: trig 2016/01/03 v1.10 sin cos tan (DPC)
) (/usr/local/texlive/2018/texmf-dist/tex/latex/graphics-cfg/graphics.cfg
File: graphics.cfg 2016/06/04 v1.11 sample graphics configuration
)
Package graphics Info: Driver file: pdftex.def on input line 99.
)
\Gin@req@height=\dimen131
\Gin@req@width=\dimen132
) (/usr/local/texlive/2018/texmf-dist/tex/latex/oberdiek/epstopdf.sty
Package: epstopdf 2016/05/15 v2.6 Conversion with epstopdf on the fly (HO)
(/usr/local/texlive/2018/texmf-dist/tex/latex/oberdiek/epstopdf-base.sty
Package: epstopdf-base 2016/05/15 v2.6 Base part for package epstopdf
(/usr/local/texlive/2018/texmf-dist/tex/generic/oberdiek/infwarerr.sty
Package: infwarerr 2016/05/16 v1.4 Providing info/warning/error messages (HO)
) (/usr/local/texlive/2018/texmf-dist/tex/latex/oberdiek/grfext.sty
Package: grfext 2016/05/16 v1.2 Manage graphics extensions (HO)
(/usr/local/texlive/2018/texmf-dist/tex/generic/oberdiek/kvdefinekeys.sty
Package: kvdefinekeys 2016/05/16 v1.4 Define keys (HO)
(/usr/local/texlive/2018/texmf-dist/tex/generic/oberdiek/ltxcmds.sty
Package: ltxcmds 2016/05/16 v1.23 LaTeX kernel commands for general use (HO)
))) (/usr/local/texlive/2018/texmf-dist/tex/latex/oberdiek/kvoptions.sty
Package: kvoptions 2016/05/16 v3.12 Key value format for package options (HO)
(/usr/local/texlive/2018/texmf-dist/tex/generic/oberdiek/kvsetkeys.sty
Package: kvsetkeys 2016/05/16 v1.17 Key value parser (HO)
(/usr/local/texlive/2018/texmf-dist/tex/generic/oberdiek/etexcmds.sty
Package: etexcmds 2016/05/16 v1.6 Avoid name clashes with e-TeX commands (HO)
(/usr/local/texlive/2018/texmf-dist/tex/generic/oberdiek/ifluatex.sty
Package: ifluatex 2016/05/16 v1.4 Provides the ifluatex switch (HO)
Package ifluatex Info: LuaTeX not detected.
)
Package etexcmds Info: Could not find \expanded.
(etexcmds)             That can mean that you are not using pdfTeX 1.50 or
(etexcmds)             that some package has redefined \expanded.
(etexcmds)             In the latter case, load this package earlier.
))) (/usr/local/texlive/2018/texmf-dist/tex/generic/oberdiek/pdftexcmds.sty
Package: pdftexcmds 2018/01/30 v0.27 Utility functions of pdfTeX for LuaTeX (HO
)
(/usr/local/texlive/2018/texmf-dist/tex/generic/oberdiek/ifpdf.sty
Package: ifpdf 2017/03/15 v3.2 Provides the ifpdf switch
)
Package pdftexcmds Info: LuaTeX not detected.
Package pdftexcmds Info: \pdf@primitive is available.
Package pdftexcmds Info: \pdf@ifprimitive is available.
Package pdftexcmds Info: \pdfdraftmode found.
)
Package epstopdf-base Info: Redefining graphics rule for `.eps' on input line 4
38.
Package grfext Info: Graphics extension search list:
(grfext)             [.pdf,.png,.jpg,.mps,.jpeg,.jbig2,.jb2,.PDF,.PNG,.JPG,.JPE
G,.JBIG2,.JB2,.eps]
(grfext)             \AppendGraphicsExtensions on input line 456.
(/usr/local/texlive/2018/texmf-dist/tex/latex/latexconfig/epstopdf-sys.cfg
File: epstopdf-sys.cfg 2010/07/13 v1.3 Configuration of (r)epstopdf for TeX Liv
e
))) (/usr/local/texlive/2018/texmf-dist/tex/latex/caption/caption.sty
Package: caption 2016/02/21 v3.3-144 Customizing captions (AR)
(/usr/local/texlive/2018/texmf-dist/tex/latex/caption/caption3.sty
Package: caption3 2016/05/22 v1.7-166 caption3 kernel (AR)
Package caption3 Info: TeX engine: e-TeX on input line 67.
\captionmargin=\dimen133
\captionmargin@=\dimen134
\captionwidth=\dimen135
\caption@tempdima=\dimen136
\caption@indent=\dimen137
\caption@parindent=\dimen138
\caption@hangindent=\dimen139
Package caption Info: Unknown document class (or package),
(caption)             standard defaults will be used.
)

Package caption Warning: Unsupported document class (or package) detected,
(caption)                usage of the caption package is not recommended.
See the caption package documentation for explanation.

Package caption Info: \@makecaption = \long macro:#1#2->\captionstyle \ifx \@ca
ptype \fig@type \vskip \figcapgap \fi \setbox \@tempboxa \hbox {{\floatlegendst
yle #1\floatcounterend }\capstrut #2}\ifdim \wd \@tempboxa >\hsize {\floatlegen
dstyle #1\floatcounterend }\capstrut #2\par \else \hbox to\hsize {\leftlegendgl
ue \unhbox \@tempboxa \hfil }\fi \ifx \@captype \fig@type \else \vskip \tabcapg
ap \fi .
\c@ContinuedFloat=\count111
) (/usr/local/texlive/2018/texmf-dist/tex/latex/caption/subcaption.sty
Package: subcaption 2016/05/22 v1.1-161 Sub-captions (AR)
\c@subfigure=\count112
\c@subtable=\count113
) (/usr/local/texlive/2018/texmf-dist/tex/latex/tools/multicol.sty
Package: multicol 2018/04/01 v1.8r multicolumn formatting (FMi)
\c@tracingmulticols=\count114
\mult@box=\box29
\multicol@leftmargin=\dimen140
\c@unbalance=\count115
\c@collectmore=\count116
\doublecol@number=\count117
\multicoltolerance=\count118
\multicolpretolerance=\count119
\full@width=\dimen141
\page@free=\dimen142
\premulticols=\dimen143
\postmulticols=\dimen144
\multicolsep=\skip44
\multicolbaselineskip=\skip45
\partial@page=\box30
\last@line=\box31
\maxbalancingoverflow=\dimen145
\mult@rightbox=\box32
\mult@grightbox=\box33
\mult@gfirstbox=\box34
\mult@firstbox=\box35
\@tempa=\box36
\@tempa=\box37
\@tempa=\box38
\@tempa=\box39
\@tempa=\box40
\@tempa=\box41
\@tempa=\box42
\@tempa=\box43
\@tempa=\box44
\@tempa=\box45
\@tempa=\box46
\@tempa=\box47
\@tempa=\box48
\@tempa=\box49
\@tempa=\box50
\@tempa=\box51
\@tempa=\box52
\c@columnbadness=\count120
\c@finalcolumnbadness=\count121
\last@try=\dimen146
\multicolovershoot=\dimen147
\multicolundershoot=\dimen148
\mult@nat@firstbox=\box53
\colbreak@box=\box54
\mc@col@check@num=\count122
) (/usr/local/texlive/2018/texmf-dist/tex/latex/footmisc/footmisc.sty
Package: footmisc 2011/06/06 v5.5b a miscellany of footnote facilities
\FN@temptoken=\toks19
\footnotemargin=\dimen149
\c@pp@next@reset=\count123
Package footmisc Info: Declaring symbol style bringhurst on input line 855.
Package footmisc Info: Declaring symbol style chicago on input line 863.
Package footmisc Info: Declaring symbol style wiley on input line 872.
Package footmisc Info: Declaring symbol style lamport-robust on input line 883.

Package footmisc Info: Declaring symbol style lamport* on input line 903.
Package footmisc Info: Declaring symbol style lamport*-robust on input line 924
.
) (/usr/local/texlive/2018/texmf-dist/tex/latex/amsmath/amsmath.sty
Package: amsmath 2017/09/02 v2.17a AMS math features
\@mathmargin=\skip46
For additional information on amsmath, use the `?' option.
(/usr/local/texlive/2018/texmf-dist/tex/latex/amsmath/amstext.sty
Package: amstext 2000/06/29 v2.01 AMS text
(/usr/local/texlive/2018/texmf-dist/tex/latex/amsmath/amsgen.sty
File: amsgen.sty 1999/11/30 v2.0 generic functions
\@emptytoks=\toks20
\ex@=\dimen150
)) (/usr/local/texlive/2018/texmf-dist/tex/latex/amsmath/amsbsy.sty
Package: amsbsy 1999/11/29 v1.2d Bold Symbols
\pmbraise@=\dimen151
) (/usr/local/texlive/2018/texmf-dist/tex/latex/amsmath/amsopn.sty
Package: amsopn 2016/03/08 v2.02 operator names
)
\inf@bad=\count124
LaTeX Info: Redefining \frac on input line 213.
\uproot@=\count125
\leftroot@=\count126
LaTeX Info: Redefining \overline on input line 375.
\classnum@=\count127
\DOTSCASE@=\count128
LaTeX Info: Redefining \ldots on input line 472.
LaTeX Info: Redefining \dots on input line 475.
LaTeX Info: Redefining \cdots on input line 596.
\Mathstrutbox@=\box55
\strutbox@=\box56
\big@size=\dimen152
LaTeX Font Info:    Redeclaring font encoding OML on input line 712.
LaTeX Font Info:    Redeclaring font encoding OMS on input line 713.

Package amsmath Warning: Unable to redefine math accent \vec.

\macc@depth=\count129
\c@MaxMatrixCols=\count130
\dotsspace@=\muskip10
\c@parentequation=\count131
\dspbrk@lvl=\count132
\tag@help=\toks21
\row@=\count133
\column@=\count134
\maxfields@=\count135
\andhelp@=\toks22
\eqnshift@=\dimen153
\alignsep@=\dimen154
\tagshift@=\dimen155
\tagwidth@=\dimen156
\totwidth@=\dimen157
\lineht@=\dimen158
\@envbody=\toks23
\multlinegap=\skip47
\multlinetaggap=\skip48
\mathdisplay@stack=\toks24
LaTeX Info: Redefining \[ on input line 2817.
LaTeX Info: Redefining \] on input line 2818.
) (/usr/local/texlive/2018/texmf-dist/tex/latex/amsfonts/amssymb.sty
Package: amssymb 2013/01/14 v3.01 AMS font symbols
(/usr/local/texlive/2018/texmf-dist/tex/latex/amsfonts/amsfonts.sty
Package: amsfonts 2013/01/14 v3.01 Basic AMSFonts support
\symAMSa=\mathgroup6
\symAMSb=\mathgroup7
LaTeX Font Info:    Overwriting math alphabet `\mathfrak' in version `bold'
(Font)                  U/euf/m/n --> U/euf/b/n on input line 106.
)) (/usr/local/texlive/2018/texmf-dist/tex/latex/mathtools/mathtools.sty
Package: mathtools 2018/01/08 v1.21 mathematical typesetting tools
(/usr/local/texlive/2018/texmf-dist/tex/latex/tools/calc.sty
Package: calc 2017/05/25 v4.3 Infix arithmetic (KKT,FJ)
\calc@Acount=\count136
\calc@Bcount=\count137
\calc@Adimen=\dimen159
\calc@Bdimen=\dimen160
\calc@Askip=\skip49
\calc@Bskip=\skip50
LaTeX Info: Redefining \setlength on input line 80.
LaTeX Info: Redefining \addtolength on input line 81.
\calc@Ccount=\count138
\calc@Cskip=\skip51
) (/usr/local/texlive/2018/texmf-dist/tex/latex/mathtools/mhsetup.sty
Package: mhsetup 2017/03/31 v1.3 programming setup (MH)
)
LaTeX Info: Thecontrolsequence`\('isalreadyrobust on input line 129.
LaTeX Info: Thecontrolsequence`\)'isalreadyrobust on input line 129.
LaTeX Info: Thecontrolsequence`\['isalreadyrobust on input line 129.
LaTeX Info: Thecontrolsequence`\]'isalreadyrobust on input line 129.
\g_MT_multlinerow_int=\count139
\l_MT_multwidth_dim=\dimen161
\origjot=\skip52
\l_MT_shortvdotswithinadjustabove_dim=\dimen162
\l_MT_shortvdotswithinadjustbelow_dim=\dimen163
\l_MT_above_intertext_sep=\dimen164
\l_MT_below_intertext_sep=\dimen165
\l_MT_above_shortintertext_sep=\dimen166
\l_MT_below_shortintertext_sep=\dimen167
) (/usr/local/texlive/2018/texmf-dist/tex/latex/tools/enumerate.sty
Package: enumerate 2015/07/23 v3.00 enumerate extensions (DPC)
\@enLab=\toks25
) (/usr/local/texlive/2018/texmf-dist/tex/latex/multirow/multirow.sty
Package: multirow 2016/11/25 v2.2 Span multiple rows of a table
\multirow@colwidth=\skip53
\multirow@cntb=\count140
\multirow@dima=\skip54
\bigstrutjot=\dimen168
) (/usr/local/texlive/2018/texmf-dist/tex/latex/cleveref/cleveref.sty
Package: cleveref 2018/03/03 v0.21.3 Intelligent cross-referencing
) (/usr/local/texlive/2018/texmf-dist/tex/latex/pgf/frontendlayer/tikz.sty (/us
r/local/texlive/2018/texmf-dist/tex/latex/pgf/basiclayer/pgf.sty (/usr/local/te
xlive/2018/texmf-dist/tex/latex/pgf/utilities/pgfrcs.sty
(/usr/local/texlive/2018/texmf-dist/tex/generic/pgf/utilities/pgfutil-common.te
x
\pgfutil@everybye=\toks26
\pgfutil@tempdima=\dimen169
\pgfutil@tempdimb=\dimen170

(/usr/local/texlive/2018/texmf-dist/tex/generic/pgf/utilities/pgfutil-common-li
sts.tex))
(/usr/local/texlive/2018/texmf-dist/tex/generic/pgf/utilities/pgfutil-latex.def
\pgfutil@abb=\box57
(/usr/local/texlive/2018/texmf-dist/tex/latex/ms/everyshi.sty
Package: everyshi 2001/05/15 v3.00 EveryShipout Package (MS)
)) (/usr/local/texlive/2018/texmf-dist/tex/generic/pgf/utilities/pgfrcs.code.te
x
Package: pgfrcs 2015/08/07 v3.0.1a (rcs-revision 1.31)
))
Package: pgf 2015/08/07 v3.0.1a (rcs-revision 1.15)
(/usr/local/texlive/2018/texmf-dist/tex/latex/pgf/basiclayer/pgfcore.sty (/usr/
local/texlive/2018/texmf-dist/tex/latex/pgf/systemlayer/pgfsys.sty
(/usr/local/texlive/2018/texmf-dist/tex/generic/pgf/systemlayer/pgfsys.code.tex
Package: pgfsys 2014/07/09 v3.0.1a (rcs-revision 1.48)
(/usr/local/texlive/2018/texmf-dist/tex/generic/pgf/utilities/pgfkeys.code.tex
\pgfkeys@pathtoks=\toks27
\pgfkeys@temptoks=\toks28

(/usr/local/texlive/2018/texmf-dist/tex/generic/pgf/utilities/pgfkeysfiltered.c
ode.tex
\pgfkeys@tmptoks=\toks29
))
\pgf@x=\dimen171
\pgf@y=\dimen172
\pgf@xa=\dimen173
\pgf@ya=\dimen174
\pgf@xb=\dimen175
\pgf@yb=\dimen176
\pgf@xc=\dimen177
\pgf@yc=\dimen178
\w@pgf@writea=\write4
\r@pgf@reada=\read1
\c@pgf@counta=\count141
\c@pgf@countb=\count142
\c@pgf@countc=\count143
\c@pgf@countd=\count144
\t@pgf@toka=\toks30
\t@pgf@tokb=\toks31
\t@pgf@tokc=\toks32
(/usr/local/texlive/2018/texmf-dist/tex/generic/pgf/systemlayer/pgf.cfg
File: pgf.cfg 2008/05/14  (rcs-revision 1.7)
)
Driver file for pgf: pgfsys-pdftex.def

(/usr/local/texlive/2018/texmf-dist/tex/generic/pgf/systemlayer/pgfsys-pdftex.d
ef
File: pgfsys-pdftex.def 2014/10/11  (rcs-revision 1.35)

(/usr/local/texlive/2018/texmf-dist/tex/generic/pgf/systemlayer/pgfsys-common-p
df.def
File: pgfsys-common-pdf.def 2013/10/10  (rcs-revision 1.13)
)))
(/usr/local/texlive/2018/texmf-dist/tex/generic/pgf/systemlayer/pgfsyssoftpath.
code.tex
File: pgfsyssoftpath.code.tex 2013/09/09  (rcs-revision 1.9)
\pgfsyssoftpath@smallbuffer@items=\count145
\pgfsyssoftpath@bigbuffer@items=\count146
)
(/usr/local/texlive/2018/texmf-dist/tex/generic/pgf/systemlayer/pgfsysprotocol.
code.tex
File: pgfsysprotocol.code.tex 2006/10/16  (rcs-revision 1.4)
)) (/usr/local/texlive/2018/texmf-dist/tex/latex/xcolor/xcolor.sty
Package: xcolor 2016/05/11 v2.12 LaTeX color extensions (UK)
(/usr/local/texlive/2018/texmf-dist/tex/latex/graphics-cfg/color.cfg
File: color.cfg 2016/01/02 v1.6 sample color configuration
)
Package xcolor Info: Driver file: pdftex.def on input line 225.
LaTeX Info: Redefining \color on input line 709.
Package xcolor Info: Model `cmy' substituted by `cmy0' on input line 1348.
Package xcolor Info: Model `hsb' substituted by `rgb' on input line 1352.
Package xcolor Info: Model `RGB' extended on input line 1364.
Package xcolor Info: Model `HTML' substituted by `rgb' on input line 1366.
Package xcolor Info: Model `Hsb' substituted by `hsb' on input line 1367.
Package xcolor Info: Model `tHsb' substituted by `hsb' on input line 1368.
Package xcolor Info: Model `HSB' substituted by `hsb' on input line 1369.
Package xcolor Info: Model `Gray' substituted by `gray' on input line 1370.
Package xcolor Info: Model `wave' substituted by `hsb' on input line 1371.
)
(/usr/local/texlive/2018/texmf-dist/tex/generic/pgf/basiclayer/pgfcore.code.tex
Package: pgfcore 2010/04/11 v3.0.1a (rcs-revision 1.7)
(/usr/local/texlive/2018/texmf-dist/tex/generic/pgf/math/pgfmath.code.tex (/usr
/local/texlive/2018/texmf-dist/tex/generic/pgf/math/pgfmathcalc.code.tex (/usr/
local/texlive/2018/texmf-dist/tex/generic/pgf/math/pgfmathutil.code.tex)
(/usr/local/texlive/2018/texmf-dist/tex/generic/pgf/math/pgfmathparser.code.tex
\pgfmath@dimen=\dimen179
\pgfmath@count=\count147
\pgfmath@box=\box58
\pgfmath@toks=\toks33
\pgfmath@stack@operand=\toks34
\pgfmath@stack@operation=\toks35
)
(/usr/local/texlive/2018/texmf-dist/tex/generic/pgf/math/pgfmathfunctions.code.
tex
(/usr/local/texlive/2018/texmf-dist/tex/generic/pgf/math/pgfmathfunctions.basic
.code.tex)
(/usr/local/texlive/2018/texmf-dist/tex/generic/pgf/math/pgfmathfunctions.trigo
nometric.code.tex)
(/usr/local/texlive/2018/texmf-dist/tex/generic/pgf/math/pgfmathfunctions.rando
m.code.tex)
(/usr/local/texlive/2018/texmf-dist/tex/generic/pgf/math/pgfmathfunctions.compa
rison.code.tex)
(/usr/local/texlive/2018/texmf-dist/tex/generic/pgf/math/pgfmathfunctions.base.
code.tex)
(/usr/local/texlive/2018/texmf-dist/tex/generic/pgf/math/pgfmathfunctions.round
.code.tex)
(/usr/local/texlive/2018/texmf-dist/tex/generic/pgf/math/pgfmathfunctions.misc.
code.tex)
(/usr/local/texlive/2018/texmf-dist/tex/generic/pgf/math/pgfmathfunctions.integ
erarithmetics.code.tex))) (/usr/local/texlive/2018/texmf-dist/tex/generic/pgf/m
ath/pgfmathfloat.code.tex
\c@pgfmathroundto@lastzeros=\count148
))
(/usr/local/texlive/2018/texmf-dist/tex/generic/pgf/basiclayer/pgfcorepoints.co
de.tex
File: pgfcorepoints.code.tex 2013/10/07  (rcs-revision 1.27)
\pgf@picminx=\dimen180
\pgf@picmaxx=\dimen181
\pgf@picminy=\dimen182
\pgf@picmaxy=\dimen183
\pgf@pathminx=\dimen184
\pgf@pathmaxx=\dimen185
\pgf@pathminy=\dimen186
\pgf@pathmaxy=\dimen187
\pgf@xx=\dimen188
\pgf@xy=\dimen189
\pgf@yx=\dimen190
\pgf@yy=\dimen191
\pgf@zx=\dimen192
\pgf@zy=\dimen193
)
(/usr/local/texlive/2018/texmf-dist/tex/generic/pgf/basiclayer/pgfcorepathconst
ruct.code.tex
File: pgfcorepathconstruct.code.tex 2013/10/07  (rcs-revision 1.29)
\pgf@path@lastx=\dimen194
\pgf@path@lasty=\dimen195
)
(/usr/local/texlive/2018/texmf-dist/tex/generic/pgf/basiclayer/pgfcorepathusage
.code.tex
File: pgfcorepathusage.code.tex 2014/11/02  (rcs-revision 1.24)
\pgf@shorten@end@additional=\dimen196
\pgf@shorten@start@additional=\dimen197
)
(/usr/local/texlive/2018/texmf-dist/tex/generic/pgf/basiclayer/pgfcorescopes.co
de.tex
File: pgfcorescopes.code.tex 2015/05/08  (rcs-revision 1.46)
\pgfpic=\box59
\pgf@hbox=\box60
\pgf@layerbox@main=\box61
\pgf@picture@serial@count=\count149
)
(/usr/local/texlive/2018/texmf-dist/tex/generic/pgf/basiclayer/pgfcoregraphicst
ate.code.tex
File: pgfcoregraphicstate.code.tex 2014/11/02  (rcs-revision 1.12)
\pgflinewidth=\dimen198
)
(/usr/local/texlive/2018/texmf-dist/tex/generic/pgf/basiclayer/pgfcoretransform
ations.code.tex
File: pgfcoretransformations.code.tex 2015/08/07  (rcs-revision 1.20)
\pgf@pt@x=\dimen199
\pgf@pt@y=\dimen256
\pgf@pt@temp=\dimen257
)
(/usr/local/texlive/2018/texmf-dist/tex/generic/pgf/basiclayer/pgfcorequick.cod
e.tex
File: pgfcorequick.code.tex 2008/10/09  (rcs-revision 1.3)
)
(/usr/local/texlive/2018/texmf-dist/tex/generic/pgf/basiclayer/pgfcoreobjects.c
ode.tex
File: pgfcoreobjects.code.tex 2006/10/11  (rcs-revision 1.2)
)
(/usr/local/texlive/2018/texmf-dist/tex/generic/pgf/basiclayer/pgfcorepathproce
ssing.code.tex
File: pgfcorepathprocessing.code.tex 2013/09/09  (rcs-revision 1.9)
)
(/usr/local/texlive/2018/texmf-dist/tex/generic/pgf/basiclayer/pgfcorearrows.co
de.tex
File: pgfcorearrows.code.tex 2015/05/14  (rcs-revision 1.43)
\pgfarrowsep=\dimen258
)
(/usr/local/texlive/2018/texmf-dist/tex/generic/pgf/basiclayer/pgfcoreshade.cod
e.tex
File: pgfcoreshade.code.tex 2013/07/15  (rcs-revision 1.15)
\pgf@max=\dimen259
\pgf@sys@shading@range@num=\count150
)
(/usr/local/texlive/2018/texmf-dist/tex/generic/pgf/basiclayer/pgfcoreimage.cod
e.tex
File: pgfcoreimage.code.tex 2013/07/15  (rcs-revision 1.18)

(/usr/local/texlive/2018/texmf-dist/tex/generic/pgf/basiclayer/pgfcoreexternal.
code.tex
File: pgfcoreexternal.code.tex 2014/07/09  (rcs-revision 1.21)
\pgfexternal@startupbox=\box62
))
(/usr/local/texlive/2018/texmf-dist/tex/generic/pgf/basiclayer/pgfcorelayers.co
de.tex
File: pgfcorelayers.code.tex 2013/07/18  (rcs-revision 1.7)
)
(/usr/local/texlive/2018/texmf-dist/tex/generic/pgf/basiclayer/pgfcoretranspare
ncy.code.tex
File: pgfcoretransparency.code.tex 2013/09/30  (rcs-revision 1.5)
)
(/usr/local/texlive/2018/texmf-dist/tex/generic/pgf/basiclayer/pgfcorepatterns.
code.tex
File: pgfcorepatterns.code.tex 2013/11/07  (rcs-revision 1.5)
)))
(/usr/local/texlive/2018/texmf-dist/tex/generic/pgf/modules/pgfmoduleshapes.cod
e.tex
File: pgfmoduleshapes.code.tex 2014/03/21  (rcs-revision 1.35)
\pgfnodeparttextbox=\box63
)
(/usr/local/texlive/2018/texmf-dist/tex/generic/pgf/modules/pgfmoduleplot.code.
tex
File: pgfmoduleplot.code.tex 2015/08/03  (rcs-revision 1.13)
)
(/usr/local/texlive/2018/texmf-dist/tex/latex/pgf/compatibility/pgfcomp-version
-0-65.sty
Package: pgfcomp-version-0-65 2007/07/03 v3.0.1a (rcs-revision 1.7)
\pgf@nodesepstart=\dimen260
\pgf@nodesepend=\dimen261
)
(/usr/local/texlive/2018/texmf-dist/tex/latex/pgf/compatibility/pgfcomp-version
-1-18.sty
Package: pgfcomp-version-1-18 2007/07/23 v3.0.1a (rcs-revision 1.1)
)) (/usr/local/texlive/2018/texmf-dist/tex/latex/pgf/utilities/pgffor.sty (/usr
/local/texlive/2018/texmf-dist/tex/latex/pgf/utilities/pgfkeys.sty (/usr/local/
texlive/2018/texmf-dist/tex/generic/pgf/utilities/pgfkeys.code.tex)) (/usr/loca
l/texlive/2018/texmf-dist/tex/latex/pgf/math/pgfmath.sty (/usr/local/texlive/20
18/texmf-dist/tex/generic/pgf/math/pgfmath.code.tex)) (/usr/local/texlive/2018/
texmf-dist/tex/generic/pgf/utilities/pgffor.code.tex
Package: pgffor 2013/12/13 v3.0.1a (rcs-revision 1.25)
(/usr/local/texlive/2018/texmf-dist/tex/generic/pgf/math/pgfmath.code.tex)
\pgffor@iter=\dimen262
\pgffor@skip=\dimen263
\pgffor@stack=\toks36
\pgffor@toks=\toks37
))
(/usr/local/texlive/2018/texmf-dist/tex/generic/pgf/frontendlayer/tikz/tikz.cod
e.tex
Package: tikz 2015/08/07 v3.0.1a (rcs-revision 1.151)

(/usr/local/texlive/2018/texmf-dist/tex/generic/pgf/libraries/pgflibraryplothan
dlers.code.tex
File: pgflibraryplothandlers.code.tex 2013/08/31 v3.0.1a (rcs-revision 1.20)
\pgf@plot@mark@count=\count151
\pgfplotmarksize=\dimen264
)
\tikz@lastx=\dimen265
\tikz@lasty=\dimen266
\tikz@lastxsaved=\dimen267
\tikz@lastysaved=\dimen268
\tikzleveldistance=\dimen269
\tikzsiblingdistance=\dimen270
\tikz@figbox=\box64
\tikz@figbox@bg=\box65
\tikz@tempbox=\box66
\tikz@tempbox@bg=\box67
\tikztreelevel=\count152
\tikznumberofchildren=\count153
\tikznumberofcurrentchild=\count154
\tikz@fig@count=\count155

(/usr/local/texlive/2018/texmf-dist/tex/generic/pgf/modules/pgfmodulematrix.cod
e.tex
File: pgfmodulematrix.code.tex 2013/09/17  (rcs-revision 1.8)
\pgfmatrixcurrentrow=\count156
\pgfmatrixcurrentcolumn=\count157
\pgf@matrix@numberofcolumns=\count158
)
\tikz@expandcount=\count159

(/usr/local/texlive/2018/texmf-dist/tex/generic/pgf/frontendlayer/tikz/librarie
s/tikzlibrarytopaths.code.tex
File: tikzlibrarytopaths.code.tex 2008/06/17 v3.0.1a (rcs-revision 1.2)
))) (/usr/local/texlive/2018/texmf-dist/tex/latex/pgfplots/pgfplots.sty (/usr/l
ocal/texlive/2018/texmf-dist/tex/generic/pgfplots/pgfplots.revision.tex)
Package: pgfplots 2018/03/28 v1.16 Data Visualization (1.16)
(/usr/local/texlive/2018/texmf-dist/tex/generic/pgfplots/pgfplots.code.tex (/us
r/local/texlive/2018/texmf-dist/tex/generic/pgfplots/pgfplotscore.code.tex
\t@pgfplots@toka=\toks38
\t@pgfplots@tokb=\toks39
\t@pgfplots@tokc=\toks40
\pgfplots@tmpa=\dimen271
\c@pgfplots@coordindex=\count160
\c@pgfplots@scanlineindex=\count161

(/usr/local/texlive/2018/texmf-dist/tex/generic/pgfplots/sys/pgfplotssysgeneric
.code.tex))
(/usr/local/texlive/2018/texmf-dist/tex/generic/pgfplots/libs/pgfplotslibrary.c
ode.tex)
(/usr/local/texlive/2018/texmf-dist/tex/generic/pgfplots/oldpgfcompatib/pgfplot
soldpgfsupp_loader.code.tex
(/usr/local/texlive/2018/texmf-dist/tex/generic/pgf/libraries/pgflibraryfpu.cod
e.tex)
Package pgfplots: loading complementary arithmetics for your pgf version...

(/usr/local/texlive/2018/texmf-dist/tex/generic/pgfplots/oldpgfcompatib/pgfplot
soldpgfsupp_pgflibraryfpu.code.tex)
(/usr/local/texlive/2018/texmf-dist/tex/generic/pgfplots/oldpgfcompatib/pgfplot
soldpgfsupp_pgfmathfloat.code.tex
\c@pgfmathroundto@lastzeros=\count162
)
(/usr/local/texlive/2018/texmf-dist/tex/generic/pgfplots/oldpgfcompatib/pgfplot
soldpgfsupp_leq.code.tex))
(/usr/local/texlive/2018/texmf-dist/tex/generic/pgfplots/util/pgfplotsutil.code
.tex
(/usr/local/texlive/2018/texmf-dist/tex/generic/pgfplots/liststructure/pgfplots
liststructure.code.tex)
(/usr/local/texlive/2018/texmf-dist/tex/generic/pgfplots/liststructure/pgfplots
liststructureext.code.tex)
(/usr/local/texlive/2018/texmf-dist/tex/generic/pgfplots/liststructure/pgfplots
array.code.tex
\c@pgfplotsarray@tmp=\count163
)
(/usr/local/texlive/2018/texmf-dist/tex/generic/pgfplots/liststructure/pgfplots
matrix.code.tex)
(/usr/local/texlive/2018/texmf-dist/tex/generic/pgfplots/numtable/pgfplotstable
shared.code.tex
\c@pgfplotstable@counta=\count164
\t@pgfplotstable@a=\toks41
)
(/usr/local/texlive/2018/texmf-dist/tex/generic/pgfplots/liststructure/pgfplots
deque.code.tex)
(/usr/local/texlive/2018/texmf-dist/tex/generic/pgfplots/util/pgfplotsbinary.co
de.tex
(/usr/local/texlive/2018/texmf-dist/tex/generic/pgfplots/util/pgfplotsbinary.da
ta.code.tex))
(/usr/local/texlive/2018/texmf-dist/tex/generic/pgfplots/util/pgfplotsutil.verb
.code.tex)
(/usr/local/texlive/2018/texmf-dist/tex/generic/pgfplots/libs/pgflibrarypgfplot
s.surfshading.code.tex
\c@pgfplotslibrarysurf@no=\count165

(/usr/local/texlive/2018/texmf-dist/tex/generic/pgfplots/sys/pgflibrarypgfplots
.surfshading.pgfsys-pdftex.def)))
(/usr/local/texlive/2018/texmf-dist/tex/generic/pgfplots/util/pgfplotscolormap.
code.tex
(/usr/local/texlive/2018/texmf-dist/tex/generic/pgfplots/util/pgfplotscolor.cod
e.tex))
(/usr/local/texlive/2018/texmf-dist/tex/generic/pgfplots/pgfplotsstackedplots.c
ode.tex)
(/usr/local/texlive/2018/texmf-dist/tex/generic/pgfplots/pgfplotsplothandlers.c
ode.tex
(/usr/local/texlive/2018/texmf-dist/tex/generic/pgfplots/pgfplotsmeshplothandle
r.code.tex
(/usr/local/texlive/2018/texmf-dist/tex/generic/pgfplots/pgfplotsmeshplotimage.
code.tex)))
(/usr/local/texlive/2018/texmf-dist/tex/generic/pgfplots/pgfplots.scaling.code.
tex)
(/usr/local/texlive/2018/texmf-dist/tex/generic/pgfplots/pgfplotscoordprocessin
g.code.tex)
(/usr/local/texlive/2018/texmf-dist/tex/generic/pgfplots/pgfplots.errorbars.cod
e.tex)
(/usr/local/texlive/2018/texmf-dist/tex/generic/pgfplots/pgfplots.markers.code.
tex)
(/usr/local/texlive/2018/texmf-dist/tex/generic/pgfplots/pgfplotsticks.code.tex
)
(/usr/local/texlive/2018/texmf-dist/tex/generic/pgfplots/pgfplots.paths.code.te
x)
(/usr/local/texlive/2018/texmf-dist/tex/generic/pgf/frontendlayer/tikz/librarie
s/tikzlibrarydecorations.code.tex
(/usr/local/texlive/2018/texmf-dist/tex/generic/pgf/modules/pgfmoduledecoration
s.code.tex
\pgfdecoratedcompleteddistance=\dimen272
\pgfdecoratedremainingdistance=\dimen273
\pgfdecoratedinputsegmentcompleteddistance=\dimen274
\pgfdecoratedinputsegmentremainingdistance=\dimen275
\pgf@decorate@distancetomove=\dimen276
\pgf@decorate@repeatstate=\count166
\pgfdecorationsegmentamplitude=\dimen277
\pgfdecorationsegmentlength=\dimen278
)
\tikz@lib@dec@box=\box68
)
(/usr/local/texlive/2018/texmf-dist/tex/generic/pgf/frontendlayer/tikz/librarie
s/tikzlibrarydecorations.pathmorphing.code.tex
(/usr/local/texlive/2018/texmf-dist/tex/generic/pgf/libraries/decorations/pgfli
brarydecorations.pathmorphing.code.tex))
(/usr/local/texlive/2018/texmf-dist/tex/generic/pgf/frontendlayer/tikz/librarie
s/tikzlibrarydecorations.pathreplacing.code.tex
(/usr/local/texlive/2018/texmf-dist/tex/generic/pgf/libraries/decorations/pgfli
brarydecorations.pathreplacing.code.tex))
\pgfplots@numplots=\count167
\pgfplots@xmin@reg=\dimen279
\pgfplots@xmax@reg=\dimen280
\pgfplots@ymin@reg=\dimen281
\pgfplots@ymax@reg=\dimen282
\pgfplots@zmin@reg=\dimen283
\pgfplots@zmax@reg=\dimen284
)
(/usr/local/texlive/2018/texmf-dist/tex/generic/pgf/frontendlayer/tikz/librarie
s/tikzlibraryplotmarks.code.tex
File: tikzlibraryplotmarks.code.tex 2008/01/09 v3.0.1a (rcs-revision 1.1)

(/usr/local/texlive/2018/texmf-dist/tex/generic/pgf/libraries/pgflibraryplotmar
ks.code.tex
File: pgflibraryplotmarks.code.tex 2015/08/03 v3.0.1a (rcs-revision 1.14)
))) (/usr/local/texlive/2018/texmf-dist/tex/latex/pgfplots/pgfplotstable.sty (/
usr/local/texlive/2018/texmf-dist/tex/generic/pgfplots/pgfplots.revision.tex)
Package: pgfplotstable 2018/03/28 v1.16 Table typesetting and Pretty-printing (
1.16)

(/usr/local/texlive/2018/texmf-dist/tex/generic/pgfplots/numtable/pgfplotstable
.code.tex
(/usr/local/texlive/2018/texmf-dist/tex/generic/pgfplots/numtable/pgfplotstable
.coltype.code.tex)) (/usr/local/texlive/2018/texmf-dist/tex/latex/tools/array.s
ty
Package: array 2018/04/07 v2.4g Tabular extension package (FMi)
\col@sep=\dimen285
\ar@mcellbox=\box69
\extrarowheight=\dimen286
\NC@list=\toks42
\extratabsurround=\skip55
\backup@length=\skip56
\ar@cellbox=\box70
))
(/usr/local/texlive/2018/texmf-dist/tex/generic/pgfplots/libs/tikzlibrarypgfplo
ts.external.code.tex
(/usr/local/texlive/2018/texmf-dist/tex/latex/pgf/frontendlayer/libraries/tikzl
ibraryexternal.code.tex
(/usr/local/texlive/2018/texmf-dist/tex/generic/pgf/frontendlayer/tikz/librarie
s/tikzexternalshared.code.tex))
Package pgfplots external lib: loading complementary code for your PGF version.
..

(/usr/local/texlive/2018/texmf-dist/tex/generic/pgfplots/oldpgfcompatib/pgfplot
soldpgfsupp_pgfcoreexternal.code.tex
File: pgfcoreexternal.code.tex 2015/08/29  (rcs-revision 1.22)
\pgfexternal@startupbox=\box71
)
(/usr/local/texlive/2018/texmf-dist/tex/generic/pgfplots/oldpgfcompatib/pgfplot
soldpgfsupp_tikzlibraryexternal.code.tex (/usr/local/texlive/2018/texmf-dist/te
x/latex/oberdiek/atveryend.sty
Package: atveryend 2016/05/16 v1.9 Hooks at the very end of document (HO)
Package atveryend Info: \enddocument detected (standard20110627).
)
(/usr/local/texlive/2018/texmf-dist/tex/generic/pgfplots/oldpgfcompatib/pgfplot
soldpgfsupp_tikzexternalshared.code.tex)))
No auxiliary output files.

\w@pgfexternal@auxout=\write5
(/usr/local/texlive/2018/texmf-dist/tex/latex/booktabs/booktabs.sty
Package: booktabs 2016/04/27 v1.618033 publication quality tables
\heavyrulewidth=\dimen287
\lightrulewidth=\dimen288
\cmidrulewidth=\dimen289
\belowrulesep=\dimen290
\belowbottomsep=\dimen291
\aboverulesep=\dimen292
\abovetopsep=\dimen293
\cmidrulesep=\dimen294
\cmidrulekern=\dimen295
\defaultaddspace=\dimen296
\@cmidla=\count168
\@cmidlb=\count169
\@aboverulesep=\dimen297
\@belowrulesep=\dimen298
\@thisruleclass=\count170
\@lastruleclass=\count171
\@thisrulewidth=\dimen299
) (/usr/local/texlive/2018/texmf-dist/tex/latex/float/float.sty
Package: float 2001/11/08 v1.3d Float enhancements (AL)
\c@float@type=\count172
\float@exts=\toks43
\float@box=\box72
\@float@everytoks=\toks44
\@floatcapt=\box73
)
No file TikzFigures/paper-figure16.aux.
LaTeX Font Info:    Checking defaults for OML/cmm/m/it on input line 79.
LaTeX Font Info:    ... okay on input line 79.
LaTeX Font Info:    Checking defaults for T1/cmr/m/n on input line 79.
LaTeX Font Info:    ... okay on input line 79.
LaTeX Font Info:    Checking defaults for OT1/cmr/m/n on input line 79.
LaTeX Font Info:    ... okay on input line 79.
LaTeX Font Info:    Checking defaults for OMS/cmsy/m/n on input line 79.
LaTeX Font Info:    ... okay on input line 79.
LaTeX Font Info:    Checking defaults for OMX/cmex/m/n on input line 79.
LaTeX Font Info:    ... okay on input line 79.
LaTeX Font Info:    Checking defaults for U/cmr/m/n on input line 79.
LaTeX Font Info:    ... okay on input line 79.
LaTeX Font Info:    Try loading font information for OT1+ptm on input line 79.
(/usr/local/texlive/2018/texmf-dist/tex/latex/psnfss/ot1ptm.fd
File: ot1ptm.fd 2001/06/04 font definitions for OT1/ptm.
) (/usr/local/texlive/2018/texmf-dist/tex/context/base/mkii/supp-pdf.mkii
[Loading MPS to PDF converter (version 2006.09.02).]
\scratchcounter=\count173
\scratchdimen=\dimen300
\scratchbox=\box74
\nofMPsegments=\count174
\nofMParguments=\count175
\everyMPshowfont=\toks45
\MPscratchCnt=\count176
\MPscratchDim=\dimen301
\MPnumerator=\count177
\makeMPintoPDFobject=\count178
\everyMPtoPDFconversion=\toks46
)
Package caption Info: Begin \AtBeginDocument code.
Package caption Info: Incompatible package detected (regarding \@caption).
(caption)             \@caption = \long macro:#1[#2]#3->\par \addcontentsline {
\csname ext@#1\endcsname }{#1}{\protect \numberline {\csname the#1\endcsname }{
\ignorespaces #2}}\begingroup \@parboxrestore \if@minipage \@setminipage \fi \@
makecaption {\csname fnum@#1\endcsname }{\ignorespaces #3}\par \endgroup .

Package caption Warning: Forced redefinition of \caption since the
(caption)                unsupported(!) package option `compatibility=false'
(caption)                was given.
See the caption package documentation for explanation.

Package caption Info: float package is loaded.
Package caption Info: End \AtBeginDocument code.
ABD: EveryShipout initializing macros
Package pgfplots notification 'compat/show suggested version=true': document ha
s been generated with the most recent feature set (\pgfplotsset{compat=1.16}).

\immediate\closeout\minitoc
\let \MiniTOC =N
LaTeX Font Info:    Font shape `OT1/ptm/bx/n' in size <14> not available
(Font)              Font shape `OT1/ptm/b/n' tried instead on input line 94.

Package mathptmx Warning: There are no bold math fonts on input line 94.

LaTeX Font Info:    Font shape `OT1/ptm/bx/n' in size <16> not available
(Font)              Font shape `OT1/ptm/b/n' tried instead on input line 94.
LaTeX Font Info:    Calculating math sizes for size <8.5> on input line 94.
LaTeX Font Info:    Try loading font information for OT1+ztmcm on input line 94
.
(/usr/local/texlive/2018/texmf-dist/tex/latex/psnfss/ot1ztmcm.fd
File: ot1ztmcm.fd 2000/01/03 Fontinst v1.801 font definitions for OT1/ztmcm.
)
LaTeX Font Info:    Try loading font information for OML+ztmcm on input line 94
.
(/usr/local/texlive/2018/texmf-dist/tex/latex/psnfss/omlztmcm.fd
File: omlztmcm.fd 2000/01/03 Fontinst v1.801 font definitions for OML/ztmcm.
)
LaTeX Font Info:    Try loading font information for OMS+ztmcm on input line 94
.
(/usr/local/texlive/2018/texmf-dist/tex/latex/psnfss/omsztmcm.fd
File: omsztmcm.fd 2000/01/03 Fontinst v1.801 font definitions for OMS/ztmcm.
)
LaTeX Font Info:    Try loading font information for OMX+ztmcm on input line 94
.
(/usr/local/texlive/2018/texmf-dist/tex/latex/psnfss/omxztmcm.fd
File: omxztmcm.fd 2000/01/03 Fontinst v1.801 font definitions for OMX/ztmcm.
)
LaTeX Font Info:    Font shape `OT1/ptm/bx/n' in size <8.5> not available
(Font)              Font shape `OT1/ptm/b/n' tried instead on input line 94.
LaTeX Font Info:    Font shape `OT1/ptm/bx/n' in size <6.29004> not available
(Font)              Font shape `OT1/ptm/b/n' tried instead on input line 94.
LaTeX Font Info:    Font shape `OT1/ptm/bx/n' in size <5.10005> not available
(Font)              Font shape `OT1/ptm/b/n' tried instead on input line 94.
LaTeX Font Info:    Font shape `OT1/ptm/bx/n' in size <10> not available
(Font)              Font shape `OT1/ptm/b/n' tried instead on input line 94.
LaTeX Font Info:    Font shape `OT1/ptm/bx/n' in size <7.4> not available
(Font)              Font shape `OT1/ptm/b/n' tried instead on input line 94.
LaTeX Font Info:    Font shape `OT1/ptm/bx/n' in size <6> not available
(Font)              Font shape `OT1/ptm/b/n' tried instead on input line 94.
Names of authors too long for running head. Please supply
a shorter form with \authorrunning prior to \maketitle
(./sections/1.intro.tex
LaTeX Font Info:    Font shape `OT1/ptm/bx/n' in size <12> not available
(Font)              Font shape `OT1/ptm/b/n' tried instead on input line 1.

LaTeX Warning: Citation `doi:10.1137/17M1111991' on page 2 undefined on input l
ine 7.


LaTeX Warning: Citation `1705.00498' on page 2 undefined on input line 7.


LaTeX Warning: Citation `kalashnikova2014stabilization' on page 2 undefined on 
input line 7.


LaTeX Warning: Citation `farhat2015structure' on page 2 undefined on input line
 7.


LaTeX Warning: Citation `doi:10.1137/110836742' on page 2 undefined on input li
ne 7.


LaTeX Warning: Citation `beattie2011structure' on page 2 undefined on input lin
e 7.


LaTeX Warning: Citation `doi:10.1137/140978922' on page 2 undefined on input li
ne 7.


LaTeX Warning: Citation `Carlberg:2014ky' on page 2 undefined on input line 7.


LaTeX Warning: Citation `doi:10.1137/140978922' on page 2 undefined on input li
ne 7.


LaTeX Warning: Citation `doi:10.1137/17M1111991' on page 2 undefined on input l
ine 7.


LaTeX Warning: Citation `1705.00498' on page 2 undefined on input line 7.


LaTeX Warning: Citation `beattie2011structure' on page 2 undefined on input lin
e 7.


LaTeX Warning: Citation `chaturantabut2016structure' on page 2 undefined on inp
ut line 7.


LaTeX Warning: Citation `gugercin2012structure' on page 2 undefined on input li
ne 7.


LaTeX Warning: Citation `farhat2015structure' on page 2 undefined on input line
 7.


LaTeX Warning: Citation `ballarin2015supremizer' on page 2 undefined on input l
ine 7.


LaTeX Warning: Citation `carlberg2018conservative' on page 2 undefined on input
 line 7.


LaTeX Warning: Citation `carlberg2018conservative' on page 2 undefined on input
 line 9.


LaTeX Warning: Citation `carlberg2018conservative' on page 2 undefined on input
 line 9.


LaTeX Warning: Citation `morinishi2010skew' on page 2 undefined on input line 1
1.


LaTeX Warning: Citation `morinishi1998fully' on page 2 undefined on input line 
11.


LaTeX Warning: Citation `desjardins2008high' on page 2 undefined on input line 
11.


LaTeX Warning: Citation `reiss2014conservative' on page 2 undefined on input li
ne 11.


LaTeX Warning: Citation `reiss2014conservative' on page 2 undefined on input li
ne 11.


LaTeX Warning: Reference `sec:mor' on page 1 undefined on input line 15.


LaTeX Warning: Reference `sec:skew' on page 1 undefined on input line 15.


LaTeX Warning: Reference `sec:mor_skew' on page 1 undefined on input line 15.


LaTeX Warning: Reference `sec:res' on page 1 undefined on input line 15.


LaTeX Warning: Reference `sec:con' on page 1 undefined on input line 15.

) (./sections/2.mor.tex

LaTeX Warning: Citation `Edsberg:2008:ICM:1477735' on page 3 undefined on input
 line 12.


LaTeX Warning: Reference `eq:1' on page 3 undefined on input line 12.


LaTeX Warning: Reference `eq:1' on page 3 undefined on input line 12.


LaTeX Warning: Reference `eq:1' on page 3 undefined on input line 16.


LaTeX Warning: Reference `eq:1' on page 3 undefined on input line 20.


LaTeX Warning: Reference `eq:1' on page 3 undefined on input line 20.


LaTeX Warning: Reference `eq:4' on page 3 undefined on input line 29.


LaTeX Warning: Reference `eq:1' on page 3 undefined on input line 29.


LaTeX Warning: Reference `eq:4' on page 3 undefined on input line 29.


LaTeX Warning: Reference `eq:1' on page 3 undefined on input line 29.


LaTeX Warning: Reference `eq:1' on page 4 undefined on input line 33.


LaTeX Warning: Reference `eq:1' on page 4 undefined on input line 33.


LaTeX Warning: Citation `hesthaven2015certified' on page 4 undefined on input l
ine 33.


LaTeX Warning: Citation `trefethen97' on page 4 undefined on input line 42.


LaTeX Warning: Reference `eq:6' on page 4 undefined on input line 42.


LaTeX Warning: Reference `eq:6' on page 4 undefined on input line 42.


LaTeX Warning: Citation `hesthaven2015certified' on page 4 undefined on input l
ine 42.


LaTeX Warning: Reference `eq:1' on page 4 undefined on input line 48.


LaTeX Warning: Citation `haasdonk2013convergence' on page 4 undefined on input 
line 48.


LaTeX Warning: Citation `hesthaven2015certified' on page 4 undefined on input l
ine 48.


LaTeX Warning: Citation `quarteroni2015reduced' on page 4 undefined on input li
ne 48.


LaTeX Warning: Reference `eq:1' on page 4 undefined on input line 50.


LaTeX Warning: Citation `doi:10.1137/140959602' on page 4 undefined on input li
ne 50.


LaTeX Warning: Citation `doi:10.1137/140978922' on page 4 undefined on input li
ne 50.


LaTeX Warning: Citation `doi:10.1137/17M1111991' on page 4 undefined on input l
ine 50.


LaTeX Warning: Citation `MaboudiAfkham2018' on page 4 undefined on input line 5
0.

) (./sections/3.skew.tex

LaTeX Warning: Citation `morinishi2010skew' on page 4 undefined on input line 3
.


LaTeX Warning: Citation `morinishi1998fully' on page 4 undefined on input line 
3.


LaTeX Warning: Citation `reiss2014conservative' on page 4 undefined on input li
ne 3.

LaTeX Font Info:    Font shape `OT1/ptm/bx/it' in size <12> not available
(Font)              Font shape `OT1/ptm/b/it' tried instead on input line 5.

LaTeX Warning: Reference `eq:3.1' on page 5 undefined on input line 10.


LaTeX Warning: Reference `eq:3.2' on page 5 undefined on input line 14.


LaTeX Warning: Reference `eq:3.1' on page 5 undefined on input line 14.


LaTeX Warning: Reference `eq:3.1' on page 5 undefined on input line 14.


LaTeX Warning: Reference `eq:3.1' on page 5 undefined on input line 18.


LaTeX Warning: Reference `eq:3.5' on page 5 undefined on input line 26.


LaTeX Warning: Reference `eq:3.1' on page 6 undefined on input line 34.


LaTeX Warning: Reference `eq:3.5' on page 6 undefined on input line 40.


LaTeX Warning: Citation `morinishi2010skew' on page 6 undefined on input line 4
0.


LaTeX Warning: Reference `eq:3.5' on page 6 undefined on input line 40.


LaTeX Warning: Citation `morinishi2010skew' on page 6 undefined on input line 4
4.


LaTeX Warning: Citation `reiss2014conservative' on page 6 undefined on input li
ne 44.


LaTeX Warning: Citation `blaisdell1991numerical' on page 6 undefined on input l
ine 44.


LaTeX Warning: Citation `morinishi2003dns' on page 6 undefined on input line 44
.


LaTeX Warning: Reference `eq:3.1' on page 6 undefined on input line 44.


LaTeX Warning: Citation `morinishi2010skew' on page 6 undefined on input line 4
8.


LaTeX Warning: Citation `blaisdell1991numerical' on page 6 undefined on input l
ine 48.


LaTeX Warning: Citation `morinishi2003dns' on page 6 undefined on input line 48
.


LaTeX Warning: Reference `eq:3.9' on page 7 undefined on input line 75.


LaTeX Warning: Reference `sec:skew.1' on page 1 undefined on input line 75.


LaTeX Warning: Reference `eq:3.8' on page 7 undefined on input line 77.


LaTeX Warning: Reference `eq:3.8' on page 7 undefined on input line 77.


LaTeX Warning: Reference `eq:3.10' on page 8 undefined on input line 98.


LaTeX Warning: Citation `morinishi1998fully' on page 8 undefined on input line 
103.


LaTeX Warning: Citation `desjardins2008high' on page 8 undefined on input line 
103.


LaTeX Warning: Reference `sec:skew.2' on page 1 undefined on input line 116.


LaTeX Warning: Citation `reiss2014conservative' on page 8 undefined on input li
ne 116.


LaTeX Warning: Reference `eq:3.18' on page 8 undefined on input line 123.


LaTeX Warning: Reference `sec:skew.2' on page 1 undefined on input line 128.


LaTeX Warning: Reference `eq:3.18' on page 8 undefined on input line 128.


LaTeX Warning: Reference `eq:3.20' on page 8 undefined on input line 128.


LaTeX Warning: Reference `sec:skew.2' on page 1 undefined on input line 139.


LaTeX Warning: Reference `eq:3.22' on page 9 undefined on input line 155.


LaTeX Warning: Reference `eq:3.21' on page 9 undefined on input line 155.


LaTeX Warning: Reference `eq:3.21' on page 9 undefined on input line 161.


LaTeX Warning: Reference `eq:3.18' on page 9 undefined on input line 170.


LaTeX Warning: Citation `sjogreen2010skew' on page 9 undefined on input line 17
0.


LaTeX Warning: Reference `eq:3.18' on page 9 undefined on input line 170.


LaTeX Warning: Citation `honein2004higher' on page 9 undefined on input line 17
0.


LaTeX Warning: Citation `honein2005numerical' on page 9 undefined on input line
 170.


LaTeX Warning: Citation `reiss2014conservative' on page 10 undefined on input l
ine 173.


LaTeX Warning: Citation `morinishi2010skew' on page 10 undefined on input line 
173.


LaTeX Warning: Reference `sec:skew.3' on page 10 undefined on input line 173.


LaTeX Warning: Citation `reiss2014conservative' on page 10 undefined on input l
ine 187.


LaTeX Warning: Reference `eq:3.17' on page 10 undefined on input line 187.


LaTeX Warning: Reference `eq:3.24' on page 10 undefined on input line 187.


LaTeX Warning: Reference `eq:3.25' on page 10 undefined on input line 187.


LaTeX Warning: Reference `eq:3.26' on page 10 undefined on input line 187.


LaTeX Warning: Citation `hairer2006geometric' on page 10 undefined on input lin
e 187.


LaTeX Warning: Citation `reiss2014conservative' on page 10 undefined on input l
ine 187.


LaTeX Warning: Citation `morinishi2010skew' on page 10 undefined on input line 
187.

) (./sections/4.mor_skew.tex

LaTeX Warning: Reference `eq:3.8' on page 10 undefined on input line 2.


LaTeX Warning: Reference `eq:3.18' on page 10 undefined on input line 2.


LaTeX Warning: Reference `sec:skew' on page 1 undefined on input line 2.


LaTeX Warning: Reference `eq:3.13' on page 10 undefined on input line 2.


LaTeX Warning: Reference `eq:3.21' on page 10 undefined on input line 2.


LaTeX Warning: Reference `eq:4.1' on page 11 undefined on input line 12.


LaTeX Warning: Reference `eq:4.2' on page 11 undefined on input line 12.


LaTeX Warning: Reference `eq:3.13' on page 11 undefined on input line 12.


LaTeX Warning: Reference `eq:3.21' on page 11 undefined on input line 12.


LaTeX Warning: Reference `eq:4.4' on page 11 undefined on input line 26.


LaTeX Warning: Reference `eq:4.3' on page 11 undefined on input line 26.


LaTeX Warning: Reference `eq:4.4' on page 11 undefined on input line 26.


LaTeX Warning: Reference `sec:skew.1' on page 1 undefined on input line 26.


LaTeX Warning: Reference `eq:4.4' on page 12 undefined on input line 46.


LaTeX Warning: Reference `eq:3.21' on page 12 undefined on input line 46.


LaTeX Warning: Reference `eq:4.3' on page 12 undefined on input line 46.


LaTeX Warning: Reference `eq:4.4' on page 12 undefined on input line 50.


LaTeX Warning: Reference `eq:3.21' on page 12 undefined on input line 50.


LaTeX Warning: Reference `eq:4.5' on page 12 undefined on input line 50.


LaTeX Warning: Reference `eq:4.6' on page 12 undefined on input line 50.


LaTeX Warning: Reference `eq:4.7' on page 12 undefined on input line 50.


LaTeX Warning: Reference `eq:4.8' on page 12 undefined on input line 50.


LaTeX Warning: Reference `eq:4.4' on page 12 undefined on input line 52.


LaTeX Warning: Reference `eq:4.3' on page 12 undefined on input line 56.


LaTeX Warning: Reference `eq:4.4' on page 12 undefined on input line 56.


LaTeX Warning: Citation `Benner2018' on page 12 undefined on input line 56.


LaTeX Warning: Reference `eq:3.27' on page 12 undefined on input line 64.


LaTeX Warning: Reference `eq:4.4' on page 13 undefined on input line 66.


LaTeX Warning: Reference `eq:4.4' on page 13 undefined on input line 68.


LaTeX Warning: Reference `eq:3.27' on page 13 undefined on input line 68.


LaTeX Warning: Reference `eq:3.27' on page 13 undefined on input line 68.

) (./sections/5.res.tex

LaTeX Warning: Reference `eq:3.8' on page 13 undefined on input line 6.


LaTeX Warning: Reference `eqn:initial_cond_vort' on page 13 undefined on input 
line 12.

LaTeX Font Info:    Try loading font information for OMS+ptm on input line 16.
(/usr/local/texlive/2018/texmf-dist/tex/latex/psnfss/omsptm.fd
File: omsptm.fd 
)
LaTeX Font Info:    Font shape `OMS/ptm/m/n' in size <10> not available
(Font)              Font shape `OMS/cmsy/m/n' tried instead on input line 16.

LaTeX Warning: Citation `filaments_vort' on page 13 undefined on input line 16.



LaTeX Warning: Reference `eq:5.1' on page 14 undefined on input line 24.


LaTeX Warning: Reference `eq:3.27' on page 14 undefined on input line 24.


LaTeX Warning: Reference `fig:unstable_full_models' on page 1 undefined on inpu
t line 26.


LaTeX Warning: Reference `sec:skew.2' on page 1 undefined on input line 26.

A tikzpicture has been optimized away. Use '/tikz/external/optimize=false' to d
isable this.
A tikzpicture has been optimized away. Use '/tikz/external/optimize=false' to d
isable this.

LaTeX Warning: Reference `sub@compare_different_models' on page 14 undefined on
 input line 84.


LaTeX Warning: Reference `sub@singular_values_decay' on page 14 undefined on in
put line 84.


LaTeX Warning: Reference `sub@compare_different_models' on page 14 undefined on
 input line 84.


LaTeX Warning: Reference `sub@singular_values_decay' on page 14 undefined on in
put line 84.


LaTeX Warning: Reference `sec:mor' on page 1 undefined on input line 87.


LaTeX Warning: Reference `fig:RIC' on page 1 undefined on input line 87.


LaTeX Warning: Reference `fig:snap_solution_incompressible_Euler' on page 14 un
defined on input line 89.

The command '\includegraphics [scale=0.06]{data/Incompressible_Euler/Snapshots/
red_17_2.png}' has been optimized away. Use '/tikz/external/optimize=false' to 
disable this.
The command '\includegraphics [scale=0.06]{data/Incompressible_Euler/Snapshots/
red_35_2.png}' has been optimized away. Use '/tikz/external/optimize=false' to 
disable this.
The command '\includegraphics [scale=0.06]{data/Incompressible_Euler/Snapshots/
Full_2.png}' has been optimized away. Use '/tikz/external/optimize=false' to di
sable this.

Underfull \hbox (badness 1072) in paragraph at lines 95--98
\OT1/ptm/m/sc/8.5 PDF\OT1/ptm/m/n/8.5 ]  [ \OT1/ptm/m/sc/8.5 \in-clude-graph-ic
s op-ti-mized away be-cause it does not con-tribute
 []


Underfull \hbox (badness 10000) in paragraph at lines 95--98

 []

The command '\includegraphics [scale=0.06]{data/Incompressible_Euler/Snapshots/
red_17_3.png}' has been optimized away. Use '/tikz/external/optimize=false' to 
disable this.
The command '\includegraphics [scale=0.06]{data/Incompressible_Euler/Snapshots/
red_35_3.png}' has been optimized away. Use '/tikz/external/optimize=false' to 
disable this.
The command '\includegraphics [scale=0.06]{data/Incompressible_Euler/Snapshots/
Full_3.png}' has been optimized away. Use '/tikz/external/optimize=false' to di
sable this.

Underfull \hbox (badness 1072) in paragraph at lines 99--102
\OT1/ptm/m/sc/8.5 PDF\OT1/ptm/m/n/8.5 ]  [ \OT1/ptm/m/sc/8.5 \in-clude-graph-ic
s op-ti-mized away be-cause it does not con-tribute
 []


Underfull \hbox (badness 10000) in paragraph at lines 99--102

 []

The command '\includegraphics [scale=0.06]{data/Incompressible_Euler/Snapshots/
red_17_4.png}' has been optimized away. Use '/tikz/external/optimize=false' to 
disable this.
The command '\includegraphics [scale=0.06]{data/Incompressible_Euler/Snapshots/
red_35_4.png}' has been optimized away. Use '/tikz/external/optimize=false' to 
disable this.
The command '\includegraphics [scale=0.06]{data/Incompressible_Euler/Snapshots/
Full_4.png}' has been optimized away. Use '/tikz/external/optimize=false' to di
sable this.

Underfull \hbox (badness 1072) in paragraph at lines 103--106
\OT1/ptm/m/sc/8.5 PDF\OT1/ptm/m/n/8.5 ]  [ \OT1/ptm/m/sc/8.5 \in-clude-graph-ic
s op-ti-mized away be-cause it does not con-tribute
 []


Underfull \hbox (badness 10000) in paragraph at lines 103--106

 []

The command '\includegraphics [scale=0.06]{data/Incompressible_Euler/Snapshots/
red_17_5.png}' has been optimized away. Use '/tikz/external/optimize=false' to 
disable this.
The command '\includegraphics [scale=0.06]{data/Incompressible_Euler/Snapshots/
red_35_5.png}' has been optimized away. Use '/tikz/external/optimize=false' to 
disable this.
The command '\includegraphics [scale=0.06]{data/Incompressible_Euler/Snapshots/
Full_5.png}' has been optimized away. Use '/tikz/external/optimize=false' to di
sable this.

LaTeX Warning: Reference `fig:approx_error_incompressible_Euler' on page 1 unde
fined on input line 119.


LaTeX Warning: Reference `fig:energy_error_incompressible_Euler' on page 1 unde
fined on input line 121.

A tikzpicture has been optimized away. Use '/tikz/external/optimize=false' to d
isable this.
A tikzpicture has been optimized away. Use '/tikz/external/optimize=false' to d
isable this.

LaTeX Warning: Reference `sub@fig:approx_error_incompressible_Euler' on page 15
 undefined on input line 195.


LaTeX Warning: Reference `sub@fig:energy_error_incompressible_Euler' on page 15
 undefined on input line 195.

LaTeX Font Info:    Font shape `OMS/ptm/m/it' in size <8.5> not available
(Font)              Font shape `OMS/cmsy/m/n' tried instead on input line 195.

LaTeX Warning: Reference `sub@fig:approx_error_incompressible_Euler' on page 15
 undefined on input line 195.


LaTeX Warning: Reference `sub@fig:energy_error_incompressible_Euler' on page 15
 undefined on input line 195.

A tikzpicture has been optimized away. Use '/tikz/external/optimize=false' to d
isable this.
A tikzpicture has been optimized away. Use '/tikz/external/optimize=false' to d
isable this.
A tikzpicture has been optimized away. Use '/tikz/external/optimize=false' to d
isable this.
A tikzpicture has been optimized away. Use '/tikz/external/optimize=false' to d
isable this.

LaTeX Warning: Reference `sub@mass_error_KH' on page 15 undefined on input line
 326.


LaTeX Warning: Reference `sub@momentum_error_KH' on page 15 undefined on input 
line 326.


LaTeX Warning: Reference `sub@energy_error_KH' on page 15 undefined on input li
ne 326.


LaTeX Warning: Reference `sub@mass_error_KH' on page 15 undefined on input line
 326.


LaTeX Warning: Reference `sub@momentum_error_KH' on page 15 undefined on input 
line 326.


LaTeX Warning: Reference `sub@energy_error_KH' on page 15 undefined on input li
ne 326.

The command '\includegraphics [scale=0.115]{data/Compressible_Euler/KH/Snapshot
s/density_200_307.png}' has been optimized away. Use '/tikz/external/optimize=f
alse' to disable this.
The command '\includegraphics [scale=0.115]{data/Compressible_Euler/KH/Snapshot
s/density_500_307.png}' has been optimized away. Use '/tikz/external/optimize=f
alse' to disable this.
The command '\includegraphics [scale=0.115]{data/Compressible_Euler/KH/Snapshot
s/density_exact_307.png}' has been optimized away. Use '/tikz/external/optimize
=false' to disable this.

Underfull \hbox (badness 1072) in paragraph at lines 333--336
\OT1/ptm/m/sc/8.5 PDF\OT1/ptm/m/n/8.5 ]  [ \OT1/ptm/m/sc/8.5 \in-clude-graph-ic
s op-ti-mized away be-cause it does not con-tribute
 []


Underfull \hbox (badness 10000) in paragraph at lines 333--336

 []

The command '\includegraphics [scale=0.115]{data/Compressible_Euler/KH/Snapshot
s/density_200_461.png}' has been optimized away. Use '/tikz/external/optimize=f
alse' to disable this.
The command '\includegraphics [scale=0.115]{data/Compressible_Euler/KH/Snapshot
s/density_500_461.png}' has been optimized away. Use '/tikz/external/optimize=f
alse' to disable this.
The command '\includegraphics [scale=0.115]{data/Compressible_Euler/KH/Snapshot
s/density_exact_461.png}' has been optimized away. Use '/tikz/external/optimize
=false' to disable this.

Underfull \hbox (badness 1072) in paragraph at lines 337--340
\OT1/ptm/m/sc/8.5 PDF\OT1/ptm/m/n/8.5 ]  [ \OT1/ptm/m/sc/8.5 \in-clude-graph-ic
s op-ti-mized away be-cause it does not con-tribute
 []


Underfull \hbox (badness 10000) in paragraph at lines 337--340

 []

The command '\includegraphics [scale=0.115]{data/Compressible_Euler/KH/Snapshot
s/density_200_614.png}' has been optimized away. Use '/tikz/external/optimize=f
alse' to disable this.
The command '\includegraphics [scale=0.115]{data/Compressible_Euler/KH/Snapshot
s/density_500_614.png}' has been optimized away. Use '/tikz/external/optimize=f
alse' to disable this.
The command '\includegraphics [scale=0.115]{data/Compressible_Euler/KH/Snapshot
s/density_exact_614.png}' has been optimized away. Use '/tikz/external/optimize
=false' to disable this.

Underfull \hbox (badness 1072) in paragraph at lines 341--344
\OT1/ptm/m/sc/8.5 PDF\OT1/ptm/m/n/8.5 ]  [ \OT1/ptm/m/sc/8.5 \in-clude-graph-ic
s op-ti-mized away be-cause it does not con-tribute
 []


Underfull \hbox (badness 10000) in paragraph at lines 341--344

 []

The command '\includegraphics [scale=0.115]{data/Compressible_Euler/KH/Snapshot
s/density_200_768.png}' has been optimized away. Use '/tikz/external/optimize=f
alse' to disable this.
The command '\includegraphics [scale=0.115]{data/Compressible_Euler/KH/Snapshot
s/density_500_768.png}' has been optimized away. Use '/tikz/external/optimize=f
alse' to disable this.
The command '\includegraphics [scale=0.115]{data/Compressible_Euler/KH/Snapshot
s/density_exact_768.png}' has been optimized away. Use '/tikz/external/optimize
=false' to disable this.

LaTeX Warning: `!h' float specifier changed to `!ht'.

A tikzpicture has been optimized away. Use '/tikz/external/optimize=false' to d
isable this.
A tikzpicture has been optimized away. Use '/tikz/external/optimize=false' to d
isable this.
A tikzpicture has been optimized away. Use '/tikz/external/optimize=false' to d
isable this.
A tikzpicture has been optimized away. Use '/tikz/external/optimize=false' to d
isable this.
A tikzpicture has been optimized away. Use '/tikz/external/optimize=false' to d
isable this.
A tikzpicture has been optimized away. Use '/tikz/external/optimize=false' to d
isable this.
A tikzpicture has been optimized away. Use '/tikz/external/optimize=false' to d
isable this.

LaTeX Warning: Reference `sub@conservation_1D' on page 16 undefined on input li
ne 559.


LaTeX Warning: Reference `sub@conservation_1D_focus' on page 16 undefined on in
put line 559.


LaTeX Warning: Reference `sub@conservation_1D' on page 16 undefined on input li
ne 559.


LaTeX Warning: Reference `sub@conservation_1D_focus' on page 16 undefined on in
put line 559.

A tikzpicture has been optimized away. Use '/tikz/external/optimize=false' to d
isable this.
\openout5 = `TikzFigures/paper-figure16.dpth'.

PGFPlots: reading {./data/Compressible_Euler/1D/Snapshots/density_exact_300.txt
}
\tikzexternal@dep@file=\write6
\openout6 = `TikzFigures/paper-figure16.dep'.

PGFPlots: reading {./data/Compressible_Euler/1D/Snapshots/density_approx_unstab
le_24_300.txt}
PGFPlots: reading {./data/Compressible_Euler/1D/Snapshots/density_approx_unstab
le_102_300.txt}
PGFPlots: reading {./data/Compressible_Euler/1D/Snapshots/density_approx_unstab
le_201_300.txt}
PGFPlots: reading {./data/Compressible_Euler/1D/Snapshots/density_approx_24_300
.txt}
PGFPlots: reading {./data/Compressible_Euler/1D/Snapshots/density_approx_102_30
0.txt}
PGFPlots: reading {./data/Compressible_Euler/1D/Snapshots/density_approx_201_30
0.txt}
LaTeX Font Info:    Font shape `OT1/ptm/bx/n' in size <9> not available
(Font)              Font shape `OT1/ptm/b/n' tried instead on input line 630.
LaTeX Font Info:    Font shape `OT1/ptm/bx/n' in size <7> not available
(Font)              Font shape `OT1/ptm/b/n' tried instead on input line 630.
[16

{/usr/local/texlive/2018/texmf-var/fonts/map/pdftex/updmap/pdftex.map}]
A tikzpicture has been optimized away. Use '/tikz/external/optimize=false' to d
isable this.
A tikzpicture has been optimized away. Use '/tikz/external/optimize=false' to d
isable this.
A tikzpicture has been optimized away. Use '/tikz/external/optimize=false' to d
isable this.
A tikzpicture has been optimized away. Use '/tikz/external/optimize=false' to d
isable this.
A tikzpicture has been optimized away. Use '/tikz/external/optimize=false' to d
isable this.

LaTeX Warning: Reference `sub@density_reduction_1D' on page 16 undefined on inp
ut line 780.


LaTeX Warning: Reference `sub@pressure_reduction_1D' on page 16 undefined on in
put line 780.


LaTeX Warning: Reference `sub@density_reduction_1D' on page 16 undefined on inp
ut line 780.


LaTeX Warning: Reference `sub@pressure_reduction_1D' on page 16 undefined on in
put line 780.

A tikzpicture has been optimized away. Use '/tikz/external/optimize=false' to d
isable this.
A tikzpicture has been optimized away. Use '/tikz/external/optimize=false' to d
isable this.

LaTeX Warning: Reference `sub@error_DEIM' on page 16 undefined on input line 83
5.


LaTeX Warning: Reference `sub@energy_DEIM' on page 16 undefined on input line 8
35.


LaTeX Warning: Reference `sub@error_DEIM' on page 16 undefined on input line 83
5.


LaTeX Warning: Reference `sub@energy_DEIM' on page 16 undefined on input line 8
35.


LaTeX Warning: `!h' float specifier changed to `!ht'.


LaTeX Warning: Citation `yu2008combustion' on page 16 undefined on input line 8
41.


LaTeX Warning: Citation `garby2013simulations' on page 16 undefined on input li
ne 841.


LaTeX Warning: Citation `smith2008computational' on page 16 undefined on input 
line 841.


LaTeX Warning: Citation `frezzotti2015determination' on page 16 undefined on in
put line 841.


LaTeX Warning: Citation `frezzotti2017numerical' on page 16 undefined on input 
line 841.


LaTeX Warning: Citation `frezzotti2018quasi' on page 16 undefined on input line
 841.


Overfull \vbox (25.66159pt too high) has occurred while \output is active []


LaTeX Warning: Reference `fig:radius' on page 18 undefined on input line 844.


LaTeX Warning: Reference `tab:geometry_parameters' on page 18 undefined on inpu
t line 846.

The command '\includegraphics [width=0.8\linewidth ]{pic/radius}' has been opti
mized away. Use '/tikz/external/optimize=false' to disable this.

LaTeX Warning: Reference `tab:operating-conditions' on page 18 undefined on inp
ut line 876.


LaTeX Warning: Citation `frezzotti2017numerical' on page 20 undefined on input 
line 967.


LaTeX Warning: Citation `frezzotti2018quasi' on page 20 undefined on input line
 967.


LaTeX Warning: Reference `tab:operating-conditions' on page 21 undefined on inp
ut line 983.


LaTeX Warning: Reference `eq:multisine' on page 21 undefined on input line 988.



LaTeX Warning: Reference `eq:response-function' on page 21 undefined on input l
ine 989.


LaTeX Warning: Citation `delis1998tvd' on page 21 undefined on input line 993.


LaTeX Warning: Citation `shu1988efficient' on page 21 undefined on input line 9
93.


LaTeX Warning: Citation `jiang1996efficient' on page 21 undefined on input line
 993.

) (./sections/6.con.tex)
No file TikzFigures/paper-figure16.bbl.
\immediate\closeout\minitoc
Package atveryend Info: Empty hook `BeforeClearDocument' on input line 116.
Package atveryend Info: Empty hook `AfterLastShipout' on input line 116.
Package atveryend Info: Executing hook `AtVeryEndDocument' on input line 116.
Package atveryend Info: Empty hook `AtEndAfterFileList' on input line 116.

LaTeX Warning: There were undefined references.

Package atveryend Info: Empty hook `AtVeryVeryEnd' on input line 116.
 ) 
Here is how much of TeX's memory you used:
 27964 strings out of 492649
 703778 string characters out of 6129623
 2354674 words of memory out of 5000000
 31307 multiletter control sequences out of 15000+600000
 44361 words of font info for 109 fonts, out of 8000000 for 9000
 1141 hyphenation exceptions out of 8191
 80i,23n,136p,1397b,2447s stack positions out of 5000i,500n,10000p,200000b,80000s
{/usr/local/texlive/2018/texmf-dist/fonts/enc/dvips/base/8r.enc}</usr/local/t
exlive/2018/texmf-dist/fonts/type1/public/amsfonts/cm/cmmi10.pfb></usr/local/te
xlive/2018/texmf-dist/fonts/type1/public/amsfonts/cm/cmr10.pfb></usr/local/texl
ive/2018/texmf-dist/fonts/type1/urw/times/utmr8a.pfb></usr/local/texlive/2018/t
exmf-dist/fonts/type1/urw/times/utmri8a.pfb>
Output written on TikzFigures/paper-figure16.pdf (1 page, 157073 bytes).
PDF statistics:
 28 PDF objects out of 1000 (max. 8388607)
 20 compressed objects within 1 object stream
 0 named destinations out of 1000 (max. 500000)
 13 words of extra memory for PDF output out of 10000 (max. 10000000)

